Determining if the pthread_create exist failed with the following output:
Change Dir: /home/seanmcdonagh/Documents/collegeWork/SoftwareEngineering/Lab_1/CMakeFiles/CMakeTmp

Run Build Command:"/usr/bin/make" "cmTC_e314f/fast"
/usr/bin/make -f CMakeFiles/cmTC_e314f.dir/build.make CMakeFiles/cmTC_e314f.dir/build
make[1]: Entering directory '/home/seanmcdonagh/Documents/collegeWork/SoftwareEngineering/Lab_1/CMakeFiles/CMakeTmp'
Building C object CMakeFiles/cmTC_e314f.dir/CheckSymbolExists.c.o
/usr/bin/cc     -o CMakeFiles/cmTC_e314f.dir/CheckSymbolExists.c.o   -c /home/seanmcdonagh/Documents/collegeWork/SoftwareEngineering/Lab_1/CMakeFiles/CMakeTmp/CheckSymbolExists.c
Linking C executable cmTC_e314f
/usr/bin/cmake -E cmake_link_script CMakeFiles/cmTC_e314f.dir/link.txt --verbose=1
/usr/bin/cc       CMakeFiles/cmTC_e314f.dir/CheckSymbolExists.c.o  -o cmTC_e314f -rdynamic 
CMakeFiles/cmTC_e314f.dir/CheckSymbolExists.c.o: In function `main':
CheckSymbolExists.c:(.text+0x16): undefined reference to `pthread_create'
collect2: error: ld returned 1 exit status
CMakeFiles/cmTC_e314f.dir/build.make:97: recipe for target 'cmTC_e314f' failed
make[1]: *** [cmTC_e314f] Error 1
make[1]: Leaving directory '/home/seanmcdonagh/Documents/collegeWork/SoftwareEngineering/Lab_1/CMakeFiles/CMakeTmp'
Makefile:126: recipe for target 'cmTC_e314f/fast' failed
make: *** [cmTC_e314f/fast] Error 2

File /home/seanmcdonagh/Documents/collegeWork/SoftwareEngineering/Lab_1/CMakeFiles/CMakeTmp/CheckSymbolExists.c:
/* */
#include <pthread.h>

int main(int argc, char** argv)
{
  (void)argv;
#ifndef pthread_create
  return ((int*)(&pthread_create))[argc];
#else
  (void)argc;
  return 0;
#endif
}

Determining if the function pthread_create exists in the pthreads failed with the following output:
Change Dir: /home/seanmcdonagh/Documents/collegeWork/SoftwareEngineering/Lab_1/CMakeFiles/CMakeTmp

Run Build Command:"/usr/bin/make" "cmTC_844ee/fast"
/usr/bin/make -f CMakeFiles/cmTC_844ee.dir/build.make CMakeFiles/cmTC_844ee.dir/build
make[1]: Entering directory '/home/seanmcdonagh/Documents/collegeWork/SoftwareEngineering/Lab_1/CMakeFiles/CMakeTmp'
Building C object CMakeFiles/cmTC_844ee.dir/CheckFunctionExists.c.o
/usr/bin/cc    -DCHECK_FUNCTION_EXISTS=pthread_create   -o CMakeFiles/cmTC_844ee.dir/CheckFunctionExists.c.o   -c /usr/share/cmake-3.5/Modules/CheckFunctionExists.c
Linking C executable cmTC_844ee
/usr/bin/cmake -E cmake_link_script CMakeFiles/cmTC_844ee.dir/link.txt --verbose=1
/usr/bin/cc   -DCHECK_FUNCTION_EXISTS=pthread_create    CMakeFiles/cmTC_844ee.dir/CheckFunctionExists.c.o  -o cmTC_844ee -rdynamic -lpthreads 
/usr/bin/ld: cannot find -lpthreads
collect2: error: ld returned 1 exit status
CMakeFiles/cmTC_844ee.dir/build.make:97: recipe for target 'cmTC_844ee' failed
make[1]: *** [cmTC_844ee] Error 1
make[1]: Leaving directory '/home/seanmcdonagh/Documents/collegeWork/SoftwareEngineering/Lab_1/CMakeFiles/CMakeTmp'
Makefile:126: recipe for target 'cmTC_844ee/fast' failed
make: *** [cmTC_844ee/fast] Error 2


